0 info it worked if it ends with ok
1 verbose cli [ '/Users/jmazz/node/bin/node',
1 verbose cli   '/Users/jmazz/node/npm-packages/bin/npm',
1 verbose cli   'install',
1 verbose cli   '--save-dev',
1 verbose cli   'source-map-support' ]
2 info using npm@2.14.0
3 info using node@v4.2.1
4 verbose install initial load of /Users/jmazz/Documents/repos/express-es6/package.json
5 verbose installManyTop reading scoped package data from /Users/jmazz/Documents/repos/express-es6/node_modules/babel/package.json
6 verbose installManyTop reading scoped package data from /Users/jmazz/Documents/repos/express-es6/node_modules/babel-core/package.json
7 verbose installManyTop reading scoped package data from /Users/jmazz/Documents/repos/express-es6/node_modules/babel-loader/package.json
8 verbose installManyTop reading scoped package data from /Users/jmazz/Documents/repos/express-es6/node_modules/babelify/package.json
9 verbose installManyTop reading scoped package data from /Users/jmazz/Documents/repos/express-es6/node_modules/body-parser/package.json
10 verbose installManyTop reading scoped package data from /Users/jmazz/Documents/repos/express-es6/node_modules/browserify/package.json
11 verbose installManyTop reading scoped package data from /Users/jmazz/Documents/repos/express-es6/node_modules/colors/package.json
12 verbose installManyTop reading scoped package data from /Users/jmazz/Documents/repos/express-es6/node_modules/express/package.json
13 verbose installManyTop reading scoped package data from /Users/jmazz/Documents/repos/express-es6/node_modules/gulp/package.json
14 verbose installManyTop reading scoped package data from /Users/jmazz/Documents/repos/express-es6/node_modules/gulp-sourcemaps/package.json
15 verbose installManyTop reading scoped package data from /Users/jmazz/Documents/repos/express-es6/node_modules/gulp-util/package.json
16 verbose installManyTop reading scoped package data from /Users/jmazz/Documents/repos/express-es6/node_modules/lodash.assign/package.json
17 verbose installManyTop reading scoped package data from /Users/jmazz/Documents/repos/express-es6/node_modules/nodemon/package.json
18 verbose installManyTop reading scoped package data from /Users/jmazz/Documents/repos/express-es6/node_modules/vinyl-buffer/package.json
19 verbose installManyTop reading scoped package data from /Users/jmazz/Documents/repos/express-es6/node_modules/vinyl-source-stream/package.json
20 verbose installManyTop reading scoped package data from /Users/jmazz/Documents/repos/express-es6/node_modules/watchify/package.json
21 verbose installManyTop reading scoped package data from /Users/jmazz/Documents/repos/express-es6/node_modules/webpack/package.json
22 verbose readDependencies loading dependencies from /Users/jmazz/Documents/repos/express-es6/package.json
23 silly cache add args [ 'source-map-support', null ]
24 verbose cache add spec source-map-support
25 silly cache add parsed spec Result {
25 silly cache add   raw: 'source-map-support',
25 silly cache add   scope: null,
25 silly cache add   name: 'source-map-support',
25 silly cache add   rawSpec: '',
25 silly cache add   spec: '*',
25 silly cache add   type: 'range' }
26 silly addNamed source-map-support@*
27 verbose addNamed "*" is a valid semver range for source-map-support
28 silly addNameRange { name: 'source-map-support', range: '*', hasData: false }
29 silly mapToRegistry name source-map-support
30 silly mapToRegistry using default registry
31 silly mapToRegistry registry https://registry.npmjs.org/
32 silly mapToRegistry uri https://registry.npmjs.org/source-map-support
33 verbose addNameRange registry:https://registry.npmjs.org/source-map-support not in flight; fetching
34 verbose request uri https://registry.npmjs.org/source-map-support
35 verbose request no auth needed
36 info attempt registry request try #1 at 01:30:21
37 verbose request using bearer token for auth
38 verbose request id bafb026a60b04cf4
39 verbose etag "CNYIKVYVMHNGEUG0DLWCI12U8"
40 http request GET https://registry.npmjs.org/source-map-support
41 http 304 https://registry.npmjs.org/source-map-support
42 silly get cb [ 304,
42 silly get   { 'cache-control': 'max-age=60',
42 silly get     'accept-ranges': 'bytes',
42 silly get     date: 'Sat, 31 Oct 2015 05:30:21 GMT',
42 silly get     via: '1.1 varnish',
42 silly get     connection: 'keep-alive',
42 silly get     'x-served-by': 'cache-iad2148-IAD',
42 silly get     'x-cache': 'MISS',
42 silly get     'x-cache-hits': '0',
42 silly get     'x-timer': 'S1446269421.351783,VS0,VE12' } ]
43 verbose etag https://registry.npmjs.org/source-map-support from cache
44 verbose get saving source-map-support to /Users/jmazz/.npm/registry.npmjs.org/source-map-support/.cache.json
45 silly addNameRange number 2 { name: 'source-map-support', range: '*', hasData: true }
46 silly addNameRange versions [ 'source-map-support',
46 silly addNameRange   [ '0.1.0',
46 silly addNameRange     '0.1.1',
46 silly addNameRange     '0.1.2',
46 silly addNameRange     '0.1.3',
46 silly addNameRange     '0.1.4',
46 silly addNameRange     '0.1.5',
46 silly addNameRange     '0.1.6',
46 silly addNameRange     '0.1.7',
46 silly addNameRange     '0.1.8',
46 silly addNameRange     '0.1.9',
46 silly addNameRange     '0.2.0',
46 silly addNameRange     '0.2.1',
46 silly addNameRange     '0.2.2',
46 silly addNameRange     '0.2.3',
46 silly addNameRange     '0.2.4',
46 silly addNameRange     '0.2.5',
46 silly addNameRange     '0.2.6',
46 silly addNameRange     '0.2.7',
46 silly addNameRange     '0.2.8',
46 silly addNameRange     '0.2.9',
46 silly addNameRange     '0.2.10',
46 silly addNameRange     '0.3.0',
46 silly addNameRange     '0.3.1',
46 silly addNameRange     '0.3.2',
46 silly addNameRange     '0.3.3' ] ]
47 silly addNamed source-map-support@0.3.3
48 verbose addNamed "0.3.3" is a plain semver version for source-map-support
49 silly mapToRegistry name source-map-support
50 silly mapToRegistry using default registry
51 silly mapToRegistry registry https://registry.npmjs.org/
52 silly mapToRegistry uri https://registry.npmjs.org/source-map-support
53 verbose addRemoteTarball https://registry.npmjs.org/source-map-support/-/source-map-support-0.3.3.tgz not in flight; adding
54 verbose addRemoteTarball [ 'https://registry.npmjs.org/source-map-support/-/source-map-support-0.3.3.tgz',
54 verbose addRemoteTarball   '34900977d5ba3f07c7757ee72e73bb1a9b53754f' ]
55 info retry fetch attempt 1 at 01:30:21
56 info attempt registry request try #1 at 01:30:21
57 http fetch GET https://registry.npmjs.org/source-map-support/-/source-map-support-0.3.3.tgz
58 verbose request using bearer token for auth
59 http fetch 200 https://registry.npmjs.org/source-map-support/-/source-map-support-0.3.3.tgz
60 silly fetchAndShaCheck shasum 34900977d5ba3f07c7757ee72e73bb1a9b53754f
61 verbose addTmpTarball /var/folders/cv/npfmjrlx27g472361sn3h28r0000gn/T/npm-19944-7d176cf4/registry.npmjs.org/source-map-support/-/source-map-support-0.3.3.tgz not in flight; adding
62 verbose addTmpTarball already have metadata; skipping unpack for source-map-support@0.3.3
63 silly cache afterAdd source-map-support@0.3.3
64 verbose afterAdd /Users/jmazz/.npm/source-map-support/0.3.3/package/package.json not in flight; writing
65 verbose afterAdd /Users/jmazz/.npm/source-map-support/0.3.3/package/package.json written
66 silly install resolved [ { name: 'source-map-support',
66 silly install resolved     description: 'Fixes stack traces for files with source maps',
66 silly install resolved     version: '0.3.3',
66 silly install resolved     main: './source-map-support.js',
66 silly install resolved     scripts:
66 silly install resolved      { build: 'node build.js',
66 silly install resolved        'serve-tests': 'http-server -p 1336',
66 silly install resolved        test: 'mocha' },
66 silly install resolved     dependencies: { 'source-map': '0.1.32' },
66 silly install resolved     devDependencies:
66 silly install resolved      { browserify: '3.44.2',
66 silly install resolved        'coffee-script': '1.7.1',
66 silly install resolved        'http-server': '^0.8.5',
66 silly install resolved        mocha: '1.18.2' },
66 silly install resolved     repository:
66 silly install resolved      { type: 'git',
66 silly install resolved        url: 'git+https://github.com/evanw/node-source-map-support.git' },
66 silly install resolved     bugs: { url: 'https://github.com/evanw/node-source-map-support/issues' },
66 silly install resolved     license: 'MIT',
66 silly install resolved     gitHead: '793a35a2eb78dff24649fc2439c7c5fa23e2bc0a',
66 silly install resolved     homepage: 'https://github.com/evanw/node-source-map-support#readme',
66 silly install resolved     _id: 'source-map-support@0.3.3',
66 silly install resolved     _shasum: '34900977d5ba3f07c7757ee72e73bb1a9b53754f',
66 silly install resolved     _from: 'source-map-support@*',
66 silly install resolved     _npmVersion: '3.3.8',
66 silly install resolved     _nodeVersion: '4.2.1',
66 silly install resolved     _npmUser: { name: 'julien-f', email: 'julien.fontanet@isonoe.net' },
66 silly install resolved     dist:
66 silly install resolved      { shasum: '34900977d5ba3f07c7757ee72e73bb1a9b53754f',
66 silly install resolved        tarball: 'http://registry.npmjs.org/source-map-support/-/source-map-support-0.3.3.tgz' },
66 silly install resolved     maintainers: [ [Object], [Object], [Object] ],
66 silly install resolved     directories: {},
66 silly install resolved     _resolved: 'https://registry.npmjs.org/source-map-support/-/source-map-support-0.3.3.tgz' } ]
67 info install source-map-support@0.3.3 into /Users/jmazz/Documents/repos/express-es6
68 info installOne source-map-support@0.3.3
69 verbose installOne of source-map-support to /Users/jmazz/Documents/repos/express-es6 not in flight; installing
70 verbose lock using /Users/jmazz/.npm/_locks/source-map-support-0ea584e14d52eb43.lock for /Users/jmazz/Documents/repos/express-es6/node_modules/source-map-support
71 silly install write writing source-map-support 0.3.3 to /Users/jmazz/Documents/repos/express-es6/node_modules/source-map-support
72 verbose unbuild node_modules/source-map-support
73 silly gentlyRm /Users/jmazz/Documents/repos/express-es6/node_modules/source-map-support is being purged from base /Users/jmazz/Documents/repos/express-es6
74 verbose gentlyRm don't care about contents; nuking /Users/jmazz/Documents/repos/express-es6/node_modules/source-map-support
75 verbose tar unpack /Users/jmazz/.npm/source-map-support/0.3.3/package.tgz
76 verbose tar unpacking to /Users/jmazz/Documents/repos/express-es6/node_modules/source-map-support
77 silly gentlyRm /Users/jmazz/Documents/repos/express-es6/node_modules/source-map-support is being purged
78 verbose gentlyRm don't care about contents; nuking /Users/jmazz/Documents/repos/express-es6/node_modules/source-map-support
79 silly gunzTarPerm modes [ '755', '644' ]
80 silly gunzTarPerm extractEntry package.json
81 silly gunzTarPerm extractEntry .npmignore
82 silly gunzTarPerm extractEntry README.md
83 silly gunzTarPerm extractEntry test.js
84 silly gunzTarPerm extractEntry browser-source-map-support.js
85 silly gunzTarPerm extractEntry build.js
86 silly gunzTarPerm extractEntry source-map-support.js
87 silly gunzTarPerm extractEntry register.js
88 silly gunzTarPerm extractEntry LICENSE.md
89 silly gunzTarPerm extractEntry header-test/script.js
90 silly gunzTarPerm extractEntry header-test/server.js
91 silly gunzTarPerm extractEntry header-test/index.html
92 silly gunzTarPerm extractEntry header-test/script.coffee
93 silly gunzTarPerm extractEntry header-test/script.map
94 silly gunzTarPerm extractEntry amd-test/browser-source-map-support.js
95 silly gunzTarPerm extractEntry amd-test/require.js
96 silly gunzTarPerm extractEntry amd-test/script.js
97 silly gunzTarPerm extractEntry amd-test/index.html
98 silly gunzTarPerm extractEntry amd-test/script.coffee
99 silly gunzTarPerm extractEntry amd-test/script.map
100 silly gunzTarPerm extractEntry .travis.yml
101 silly gunzTarPerm extractEntry browser-test/script.js
102 silly gunzTarPerm extractEntry browser-test/index.html
103 silly gunzTarPerm extractEntry browser-test/script.coffee
104 silly gunzTarPerm extractEntry browser-test/script.map
105 verbose write writing to /Users/jmazz/Documents/repos/express-es6/node_modules/source-map-support/package.json
106 info preinstall source-map-support@0.3.3
107 verbose readDependencies loading dependencies from /Users/jmazz/Documents/repos/express-es6/node_modules/source-map-support/package.json
108 silly prepareForInstallMany adding source-map@0.1.32 from source-map-support dependencies
109 verbose readDependencies loading dependencies from /Users/jmazz/Documents/repos/express-es6/node_modules/source-map-support/package.json
110 silly cache add args [ 'source-map@0.1.32', null ]
111 verbose cache add spec source-map@0.1.32
112 silly cache add parsed spec Result {
112 silly cache add   raw: 'source-map@0.1.32',
112 silly cache add   scope: null,
112 silly cache add   name: 'source-map',
112 silly cache add   rawSpec: '0.1.32',
112 silly cache add   spec: '0.1.32',
112 silly cache add   type: 'version' }
113 silly addNamed source-map@0.1.32
114 verbose addNamed "0.1.32" is a plain semver version for source-map
115 silly mapToRegistry name source-map
116 silly mapToRegistry using default registry
117 silly mapToRegistry registry https://registry.npmjs.org/
118 silly mapToRegistry uri https://registry.npmjs.org/source-map
119 verbose addNameVersion registry:https://registry.npmjs.org/source-map not in flight; fetching
120 verbose request uri https://registry.npmjs.org/source-map
121 verbose request no auth needed
122 info attempt registry request try #1 at 01:30:21
123 verbose request using bearer token for auth
124 verbose etag "4EEKU58D7BQIKB4PN0IJDBN5Q"
125 http request GET https://registry.npmjs.org/source-map
126 http 304 https://registry.npmjs.org/source-map
127 silly get cb [ 304,
127 silly get   { 'cache-control': 'max-age=60',
127 silly get     'accept-ranges': 'bytes',
127 silly get     date: 'Sat, 31 Oct 2015 05:30:21 GMT',
127 silly get     via: '1.1 varnish',
127 silly get     connection: 'keep-alive',
127 silly get     'x-served-by': 'cache-iad2142-IAD',
127 silly get     'x-cache': 'MISS',
127 silly get     'x-cache-hits': '0',
127 silly get     'x-timer': 'S1446269421.927167,VS0,VE13' } ]
128 verbose etag https://registry.npmjs.org/source-map from cache
129 verbose get saving source-map to /Users/jmazz/.npm/registry.npmjs.org/source-map/.cache.json
130 silly cache afterAdd source-map@0.1.32
131 verbose afterAdd /Users/jmazz/.npm/source-map/0.1.32/package/package.json not in flight; writing
132 verbose afterAdd /Users/jmazz/.npm/source-map/0.1.32/package/package.json written
133 silly install resolved [ { name: 'source-map',
133 silly install resolved     description: 'Generates and consumes source maps',
133 silly install resolved     version: '0.1.32',
133 silly install resolved     homepage: 'https://github.com/mozilla/source-map',
133 silly install resolved     author: { name: 'Nick Fitzgerald', email: 'nfitzgerald@mozilla.com' },
133 silly install resolved     contributors:
133 silly install resolved      [ [Object],
133 silly install resolved        [Object],
133 silly install resolved        [Object],
133 silly install resolved        [Object],
133 silly install resolved        [Object],
133 silly install resolved        [Object],
133 silly install resolved        [Object],
133 silly install resolved        [Object],
133 silly install resolved        [Object],
133 silly install resolved        [Object],
133 silly install resolved        [Object],
133 silly install resolved        [Object],
133 silly install resolved        [Object],
133 silly install resolved        [Object],
133 silly install resolved        [Object],
133 silly install resolved        [Object],
133 silly install resolved        [Object],
133 silly install resolved        [Object] ],
133 silly install resolved     repository:
133 silly install resolved      { type: 'git',
133 silly install resolved        url: 'git+ssh://git@github.com/mozilla/source-map.git' },
133 silly install resolved     directories: { lib: './lib' },
133 silly install resolved     main: './lib/source-map.js',
133 silly install resolved     engines: { node: '>=0.8.0' },
133 silly install resolved     licenses: [ [Object] ],
133 silly install resolved     dependencies: { amdefine: '>=0.0.4' },
133 silly install resolved     devDependencies: { dryice: '>=0.4.8' },
133 silly install resolved     scripts:
133 silly install resolved      { test: 'node test/run-tests.js',
133 silly install resolved        build: 'node Makefile.dryice.js' },
133 silly install resolved     _id: 'source-map@0.1.32',
133 silly install resolved     dist:
133 silly install resolved      { shasum: 'c8b6c167797ba4740a8ea33252162ff08591b266',
133 silly install resolved        tarball: 'http://registry.npmjs.org/source-map/-/source-map-0.1.32.tgz' },
133 silly install resolved     _from: 'source-map@0.1.32',
133 silly install resolved     _npmVersion: '1.2.18',
133 silly install resolved     _npmUser: { name: 'nickfitzgerald', email: 'fitzgen@gmail.com' },
133 silly install resolved     maintainers: [ [Object], [Object], [Object] ],
133 silly install resolved     _shasum: 'c8b6c167797ba4740a8ea33252162ff08591b266',
133 silly install resolved     _resolved: 'https://registry.npmjs.org/source-map/-/source-map-0.1.32.tgz',
133 silly install resolved     bugs: { url: 'https://github.com/mozilla/source-map/issues' },
133 silly install resolved     readme: 'ERROR: No README data found!' } ]
134 info install source-map@0.1.32 into /Users/jmazz/Documents/repos/express-es6/node_modules/source-map-support
135 info installOne source-map@0.1.32
136 verbose installOne of source-map to /Users/jmazz/Documents/repos/express-es6/node_modules/source-map-support not in flight; installing
137 verbose lock using /Users/jmazz/.npm/_locks/source-map-009e11519689d25a.lock for /Users/jmazz/Documents/repos/express-es6/node_modules/source-map-support/node_modules/source-map
138 silly install write writing source-map 0.1.32 to /Users/jmazz/Documents/repos/express-es6/node_modules/source-map-support/node_modules/source-map
139 verbose unbuild node_modules/source-map-support/node_modules/source-map
140 silly gentlyRm /Users/jmazz/Documents/repos/express-es6/node_modules/source-map-support/node_modules/source-map is being purged from base /Users/jmazz/Documents/repos/express-es6
141 verbose gentlyRm don't care about contents; nuking /Users/jmazz/Documents/repos/express-es6/node_modules/source-map-support/node_modules/source-map
142 verbose tar unpack /Users/jmazz/.npm/source-map/0.1.32/package.tgz
143 verbose tar unpacking to /Users/jmazz/Documents/repos/express-es6/node_modules/source-map-support/node_modules/source-map
144 silly gentlyRm /Users/jmazz/Documents/repos/express-es6/node_modules/source-map-support/node_modules/source-map is being purged
145 verbose gentlyRm don't care about contents; nuking /Users/jmazz/Documents/repos/express-es6/node_modules/source-map-support/node_modules/source-map
146 silly gunzTarPerm modes [ '755', '644' ]
147 silly gunzTarPerm extractEntry package.json
148 silly gunzTarPerm extractEntry .npmignore
149 silly gunzTarPerm extractEntry README.md
150 silly gunzTarPerm extractEntry LICENSE
151 silly gunzTarPerm extractEntry Makefile.dryice.js
152 silly gunzTarPerm extractEntry .travis.yml
153 silly gunzTarPerm extractEntry CHANGELOG.md
154 silly gunzTarPerm extractEntry build/assert-shim.js
155 silly gunzTarPerm extractEntry build/mini-require.js
156 silly gunzTarPerm extractEntry build/suffix-browser.js
157 silly gunzTarPerm extractEntry build/test-prefix.js
158 silly gunzTarPerm extractEntry build/test-suffix.js
159 silly gunzTarPerm extractEntry build/prefix-source-map.jsm
160 silly gunzTarPerm extractEntry build/prefix-utils.jsm
161 silly gunzTarPerm extractEntry build/suffix-source-map.jsm
162 silly gunzTarPerm extractEntry build/suffix-utils.jsm
163 silly gunzTarPerm extractEntry lib/source-map.js
164 silly gunzTarPerm extractEntry lib/source-map/array-set.js
165 silly gunzTarPerm extractEntry lib/source-map/base64-vlq.js
166 silly gunzTarPerm extractEntry lib/source-map/base64.js
167 silly gunzTarPerm extractEntry lib/source-map/binary-search.js
168 silly gunzTarPerm extractEntry lib/source-map/source-map-consumer.js
169 silly gunzTarPerm extractEntry lib/source-map/source-map-generator.js
170 silly gunzTarPerm extractEntry lib/source-map/source-node.js
171 silly gunzTarPerm extractEntry lib/source-map/util.js
172 silly gunzTarPerm extractEntry test/run-tests.js
173 silly gunzTarPerm extractEntry test/source-map/test-api.js
174 silly gunzTarPerm extractEntry test/source-map/test-array-set.js
175 silly gunzTarPerm extractEntry test/source-map/test-base64-vlq.js
176 silly gunzTarPerm extractEntry test/source-map/test-base64.js
177 silly gunzTarPerm extractEntry test/source-map/test-binary-search.js
178 silly gunzTarPerm extractEntry test/source-map/test-dog-fooding.js
179 silly gunzTarPerm extractEntry test/source-map/test-source-map-consumer.js
180 silly gunzTarPerm extractEntry test/source-map/test-source-map-generator.js
181 silly gunzTarPerm extractEntry test/source-map/test-source-node.js
182 silly gunzTarPerm extractEntry test/source-map/util.js
183 verbose write writing to /Users/jmazz/Documents/repos/express-es6/node_modules/source-map-support/node_modules/source-map/package.json
184 info preinstall source-map@0.1.32
185 verbose readDependencies loading dependencies from /Users/jmazz/Documents/repos/express-es6/node_modules/source-map-support/node_modules/source-map/package.json
186 silly prepareForInstallMany adding amdefine@>=0.0.4 from source-map dependencies
187 verbose readDependencies loading dependencies from /Users/jmazz/Documents/repos/express-es6/node_modules/source-map-support/node_modules/source-map/package.json
188 silly cache add args [ 'amdefine@>=0.0.4', null ]
189 verbose cache add spec amdefine@>=0.0.4
190 silly cache add parsed spec Result {
190 silly cache add   raw: 'amdefine@>=0.0.4',
190 silly cache add   scope: null,
190 silly cache add   name: 'amdefine',
190 silly cache add   rawSpec: '>=0.0.4',
190 silly cache add   spec: '>=0.0.4',
190 silly cache add   type: 'range' }
191 silly addNamed amdefine@>=0.0.4
192 verbose addNamed ">=0.0.4" is a valid semver range for amdefine
193 silly addNameRange { name: 'amdefine', range: '>=0.0.4', hasData: false }
194 silly mapToRegistry name amdefine
195 silly mapToRegistry using default registry
196 silly mapToRegistry registry https://registry.npmjs.org/
197 silly mapToRegistry uri https://registry.npmjs.org/amdefine
198 verbose addNameRange registry:https://registry.npmjs.org/amdefine not in flight; fetching
199 verbose request uri https://registry.npmjs.org/amdefine
200 verbose request no auth needed
201 info attempt registry request try #1 at 01:30:22
202 verbose request using bearer token for auth
203 verbose etag "CQH8SW0THU42U5RKW7K6F1TRH"
204 http request GET https://registry.npmjs.org/amdefine
205 http 304 https://registry.npmjs.org/amdefine
206 silly get cb [ 304,
206 silly get   { 'cache-control': 'max-age=60',
206 silly get     'accept-ranges': 'bytes',
206 silly get     date: 'Sat, 31 Oct 2015 05:30:22 GMT',
206 silly get     via: '1.1 varnish',
206 silly get     connection: 'keep-alive',
206 silly get     'x-served-by': 'cache-iad2122-IAD',
206 silly get     'x-cache': 'MISS',
206 silly get     'x-cache-hits': '0',
206 silly get     'x-timer': 'S1446269422.184861,VS0,VE56' } ]
207 verbose etag https://registry.npmjs.org/amdefine from cache
208 verbose get saving amdefine to /Users/jmazz/.npm/registry.npmjs.org/amdefine/.cache.json
209 silly addNameRange number 2 { name: 'amdefine', range: '>=0.0.4', hasData: true }
210 silly addNameRange versions [ 'amdefine',
210 silly addNameRange   [ '0.0.1',
210 silly addNameRange     '0.0.2',
210 silly addNameRange     '0.0.3',
210 silly addNameRange     '0.0.4',
210 silly addNameRange     '0.0.5',
210 silly addNameRange     '0.0.6',
210 silly addNameRange     '0.0.7',
210 silly addNameRange     '0.0.8',
210 silly addNameRange     '0.1.0',
210 silly addNameRange     '0.1.1',
210 silly addNameRange     '1.0.0' ] ]
211 silly addNamed amdefine@1.0.0
212 verbose addNamed "1.0.0" is a plain semver version for amdefine
213 silly cache afterAdd amdefine@1.0.0
214 verbose afterAdd /Users/jmazz/.npm/amdefine/1.0.0/package/package.json not in flight; writing
215 verbose afterAdd /Users/jmazz/.npm/amdefine/1.0.0/package/package.json written
216 silly install resolved [ { name: 'amdefine',
216 silly install resolved     description: 'Provide AMD\'s define() API for declaring modules in the AMD format',
216 silly install resolved     version: '1.0.0',
216 silly install resolved     homepage: 'http://github.com/jrburke/amdefine',
216 silly install resolved     author:
216 silly install resolved      { name: 'James Burke',
216 silly install resolved        email: 'jrburke@gmail.com',
216 silly install resolved        url: 'http://github.com/jrburke' },
216 silly install resolved     license: 'BSD-3-Clause AND MIT',
216 silly install resolved     repository:
216 silly install resolved      { type: 'git',
216 silly install resolved        url: 'git+https://github.com/jrburke/amdefine.git' },
216 silly install resolved     main: './amdefine.js',
216 silly install resolved     engines: { node: '>=0.4.2' },
216 silly install resolved     gitHead: '578bc4a3f7dede33f3f3e10edde0c1607005d761',
216 silly install resolved     bugs: { url: 'https://github.com/jrburke/amdefine/issues' },
216 silly install resolved     _id: 'amdefine@1.0.0',
216 silly install resolved     scripts: {},
216 silly install resolved     _shasum: 'fd17474700cb5cc9c2b709f0be9d23ce3c198c33',
216 silly install resolved     _from: 'amdefine@>=0.0.4',
216 silly install resolved     _npmVersion: '2.12.1',
216 silly install resolved     _nodeVersion: '0.10.36',
216 silly install resolved     _npmUser: { name: 'jrburke', email: 'jrburke@gmail.com' },
216 silly install resolved     maintainers: [ [Object] ],
216 silly install resolved     dist:
216 silly install resolved      { shasum: 'fd17474700cb5cc9c2b709f0be9d23ce3c198c33',
216 silly install resolved        tarball: 'http://registry.npmjs.org/amdefine/-/amdefine-1.0.0.tgz' },
216 silly install resolved     directories: {},
216 silly install resolved     _resolved: 'https://registry.npmjs.org/amdefine/-/amdefine-1.0.0.tgz',
216 silly install resolved     readme: 'ERROR: No README data found!' } ]
217 info install amdefine@1.0.0 into /Users/jmazz/Documents/repos/express-es6/node_modules/source-map-support/node_modules/source-map
218 info installOne amdefine@1.0.0
219 verbose installOne of amdefine to /Users/jmazz/Documents/repos/express-es6/node_modules/source-map-support/node_modules/source-map not in flight; installing
220 verbose lock using /Users/jmazz/.npm/_locks/amdefine-08d0c6bd48e9f36d.lock for /Users/jmazz/Documents/repos/express-es6/node_modules/source-map-support/node_modules/source-map/node_modules/amdefine
221 silly install write writing amdefine 1.0.0 to /Users/jmazz/Documents/repos/express-es6/node_modules/source-map-support/node_modules/source-map/node_modules/amdefine
222 verbose unbuild node_modules/source-map-support/node_modules/source-map/node_modules/amdefine
223 silly gentlyRm /Users/jmazz/Documents/repos/express-es6/node_modules/source-map-support/node_modules/source-map/node_modules/amdefine is being purged from base /Users/jmazz/Documents/repos/express-es6
224 verbose gentlyRm don't care about contents; nuking /Users/jmazz/Documents/repos/express-es6/node_modules/source-map-support/node_modules/source-map/node_modules/amdefine
225 verbose tar unpack /Users/jmazz/.npm/amdefine/1.0.0/package.tgz
226 verbose tar unpacking to /Users/jmazz/Documents/repos/express-es6/node_modules/source-map-support/node_modules/source-map/node_modules/amdefine
227 silly gentlyRm /Users/jmazz/Documents/repos/express-es6/node_modules/source-map-support/node_modules/source-map/node_modules/amdefine is being purged
228 verbose gentlyRm don't care about contents; nuking /Users/jmazz/Documents/repos/express-es6/node_modules/source-map-support/node_modules/source-map/node_modules/amdefine
229 silly gunzTarPerm modes [ '755', '644' ]
230 silly gunzTarPerm extractEntry package.json
231 silly gunzTarPerm extractEntry README.md
232 silly gunzTarPerm extractEntry LICENSE
233 silly gunzTarPerm extractEntry amdefine.js
234 silly gunzTarPerm extractEntry intercept.js
235 verbose write writing to /Users/jmazz/Documents/repos/express-es6/node_modules/source-map-support/node_modules/source-map/node_modules/amdefine/package.json
236 info preinstall amdefine@1.0.0
237 verbose readDependencies loading dependencies from /Users/jmazz/Documents/repos/express-es6/node_modules/source-map-support/node_modules/source-map/node_modules/amdefine/package.json
238 verbose readDependencies loading dependencies from /Users/jmazz/Documents/repos/express-es6/node_modules/source-map-support/node_modules/source-map/node_modules/amdefine/package.json
239 silly install resolved []
240 verbose about to build /Users/jmazz/Documents/repos/express-es6/node_modules/source-map-support/node_modules/source-map/node_modules/amdefine
241 info build /Users/jmazz/Documents/repos/express-es6/node_modules/source-map-support/node_modules/source-map/node_modules/amdefine
242 info linkStuff amdefine@1.0.0
243 silly linkStuff amdefine@1.0.0 has /Users/jmazz/Documents/repos/express-es6/node_modules/source-map-support/node_modules/source-map/node_modules as its parent node_modules
244 verbose linkBins amdefine@1.0.0
245 verbose linkMans amdefine@1.0.0
246 verbose rebuildBundles amdefine@1.0.0
247 info install amdefine@1.0.0
248 info postinstall amdefine@1.0.0
249 verbose unlock done using /Users/jmazz/.npm/_locks/amdefine-08d0c6bd48e9f36d.lock for /Users/jmazz/Documents/repos/express-es6/node_modules/source-map-support/node_modules/source-map/node_modules/amdefine
250 verbose about to build /Users/jmazz/Documents/repos/express-es6/node_modules/source-map-support/node_modules/source-map
251 info build /Users/jmazz/Documents/repos/express-es6/node_modules/source-map-support/node_modules/source-map
252 info linkStuff source-map@0.1.32
253 silly linkStuff source-map@0.1.32 has /Users/jmazz/Documents/repos/express-es6/node_modules/source-map-support/node_modules as its parent node_modules
254 verbose linkBins source-map@0.1.32
255 verbose linkMans source-map@0.1.32
256 verbose rebuildBundles source-map@0.1.32
257 verbose rebuildBundles [ 'amdefine' ]
258 info install source-map@0.1.32
259 info postinstall source-map@0.1.32
260 verbose unlock done using /Users/jmazz/.npm/_locks/source-map-009e11519689d25a.lock for /Users/jmazz/Documents/repos/express-es6/node_modules/source-map-support/node_modules/source-map
261 verbose about to build /Users/jmazz/Documents/repos/express-es6/node_modules/source-map-support
262 info build /Users/jmazz/Documents/repos/express-es6/node_modules/source-map-support
263 info linkStuff source-map-support@0.3.3
264 silly linkStuff source-map-support@0.3.3 has /Users/jmazz/Documents/repos/express-es6/node_modules as its parent node_modules
265 verbose linkBins source-map-support@0.3.3
266 verbose linkMans source-map-support@0.3.3
267 verbose rebuildBundles source-map-support@0.3.3
268 verbose rebuildBundles [ 'source-map' ]
269 info install source-map-support@0.3.3
270 info postinstall source-map-support@0.3.3
271 verbose unlock done using /Users/jmazz/.npm/_locks/source-map-support-0ea584e14d52eb43.lock for /Users/jmazz/Documents/repos/express-es6/node_modules/source-map-support
272 verbose validateInstall loading /Users/jmazz/Documents/repos/express-es6/package.json for validation
273 verbose stack Error: The package babel-core@6.0.14 does not satisfy its siblings' peerDependencies requirements!
273 verbose stack     at /Users/jmazz/node/npm-packages/lib/node_modules/npm/lib/install.js:125:32
273 verbose stack     at /Users/jmazz/node/npm-packages/lib/node_modules/npm/lib/install.js:268:7
273 verbose stack     at /Users/jmazz/node/npm-packages/lib/node_modules/npm/node_modules/read-installed/read-installed.js:142:5
273 verbose stack     at /Users/jmazz/node/npm-packages/lib/node_modules/npm/node_modules/read-installed/read-installed.js:263:14
273 verbose stack     at cb (/Users/jmazz/node/npm-packages/lib/node_modules/npm/node_modules/slide/lib/async-map.js:47:24)
273 verbose stack     at /Users/jmazz/node/npm-packages/lib/node_modules/npm/node_modules/read-installed/read-installed.js:263:14
273 verbose stack     at cb (/Users/jmazz/node/npm-packages/lib/node_modules/npm/node_modules/slide/lib/async-map.js:47:24)
273 verbose stack     at /Users/jmazz/node/npm-packages/lib/node_modules/npm/node_modules/read-installed/read-installed.js:263:14
273 verbose stack     at cb (/Users/jmazz/node/npm-packages/lib/node_modules/npm/node_modules/slide/lib/async-map.js:47:24)
273 verbose stack     at /Users/jmazz/node/npm-packages/lib/node_modules/npm/node_modules/read-installed/read-installed.js:263:14
274 verbose cwd /Users/jmazz/Documents/repos/express-es6
275 error Darwin 15.0.0
276 error argv "/Users/jmazz/node/bin/node" "/Users/jmazz/node/npm-packages/bin/npm" "install" "--save-dev" "source-map-support"
277 error node v4.2.1
278 error npm  v2.14.0
279 error code EPEERINVALID
280 error peerinvalid The package babel-core@6.0.14 does not satisfy its siblings' peerDependencies requirements!
280 error peerinvalid Peer babel-loader@5.3.3 wants babel-core@^5.0.0
281 verbose exit [ 1, true ]
